<?xml version="1.0" encoding="UTF-8"?>
<!-- Generated by org.testng.reporters.JUnitXMLReporter -->
<testsuite ignored="0" hostname="LAPTOP-QSVTSF7U" failures="1" tests="1" name="Default test" time="7.42" errors="0" timestamp="2024-12-22T22:36:30 IST">
  <testcase classname="io.cucumber.testng.AbstractTestNGCucumberTests" name="runScenario" time="6.311">
    <failure type="java.lang.NullPointerException" message="Cannot invoke &amp;quot;org.openqa.selenium.WebElement.findElement(org.openqa.selenium.By)&amp;quot; because &amp;quot;this.navBar&amp;quot; is null">
      <![CDATA[java.lang.NullPointerException: Cannot invoke "org.openqa.selenium.WebElement.findElement(org.openqa.selenium.By)" because "this.navBar" is null
at page.NavigatePage.clickNavigationLink(NavigatePage.java:44)
at steps.Navigate.user_clicks_on_the_link_in_the_navigation_bar(Navigate.java:50)
at âœ½.User clicks on the "Books" link in the navigation bar(file:///C:/Users/AKANKSHA/eclipse-workspace/BDD/src/test/java/feature/Log.feature:51)
]]>
    </failure>
  </testcase> <!-- runScenario -->
</testsuite> <!-- Default test -->
