<?xml version="1.0" encoding="UTF-8"?>
<!-- Generated by org.testng.reporters.JUnitReportReporter -->
<testsuite hostname="LAPTOP-QSVTSF7U" failures="0" tests="1" name="runners.test" time="6.311" errors="1" timestamp="2024-12-22T22:36:30 IST" skipped="0">
  <testcase classname="runners.test" name="runScenario" time="6.311">
    <error message="Cannot invoke &quot;org.openqa.selenium.WebElement.findElement(org.openqa.selenium.By)&quot; because &quot;this.navBar&quot; is null" type="java.lang.NullPointerException">
      <![CDATA[java.lang.NullPointerException: Cannot invoke "org.openqa.selenium.WebElement.findElement(org.openqa.selenium.By)" because "this.navBar" is null
at page.NavigatePage.clickNavigationLink(NavigatePage.java:44)
at steps.Navigate.user_clicks_on_the_link_in_the_navigation_bar(Navigate.java:50)
at âœ½.User clicks on the "Books" link in the navigation bar(file:///C:/Users/AKANKSHA/eclipse-workspace/BDD/src/test/java/feature/Log.feature:51)
]]>
    </error>
  </testcase> <!-- runScenario -->
</testsuite> <!-- runners.test -->
